d:\ゆいぜみ\school\2024ゆいゼミ\school\3dミニゲーム\debug\vc143.pdb
d:\ゆいぜみ\school\2024ゆいゼミ\school\3dミニゲーム\debug\vc143.idb
d:\ゆいぜみ\school\2024ゆいゼミ\school\3dミニゲーム\debug\stage.obj
d:\ゆいぜみ\school\2024ゆいゼミ\school\3dミニゲーム\debug\skydome.obj
d:\ゆいぜみ\school\2024ゆいゼミ\school\3dミニゲーム\debug\player.obj
d:\ゆいぜみ\school\2024ゆいゼミ\school\3dミニゲーム\debug\bus.obj
d:\ゆいぜみ\school\2024ゆいゼミ\school\3dミニゲーム\debug\main.obj
d:\ゆいぜみ\school\2024ゆいゼミ\school\3dミニゲーム\debug\hitchecker.obj
d:\ゆいぜみ\school\2024ゆいゼミ\school\3dミニゲーム\debug\game.obj
d:\ゆいぜみ\school\2024ゆいゼミ\school\3dミニゲーム\debug\color.obj
d:\ゆいぜみ\school\2024ゆいゼミ\school\3dミニゲーム\debug\camera.obj
d:\ゆいぜみ\school\2024ゆいゼミ\school\3dミニゲーム\debug\box.obj
d:\ゆいぜみ\school\2024ゆいゼミ\school\3dミニゲーム\debug\stage2.obj
d:\ゆいぜみ\school\2024ゆいゼミ\school\3dミニゲーム\debug\mydxlibgame3d.exe
d:\ゆいぜみ\school\2024ゆいゼミ\school\3dミニゲーム\debug\mydxlibgame3d.pdb
d:\ゆいぜみ\school\2024ゆいゼミ\school\3dミニゲーム\debug\mydxlibgame3d.ilk
d:\ゆいぜみ\school\2024ゆいゼミ\school\3dミニゲーム\debug\train.obj
d:\ゆいぜみ\school\2024ゆいゼミ\school\3dミニゲーム\debug\mydxlibgame3d.tlog\cl.command.1.tlog
d:\ゆいぜみ\school\2024ゆいゼミ\school\3dミニゲーム\debug\mydxlibgame3d.tlog\cl.items.tlog
d:\ゆいぜみ\school\2024ゆいゼミ\school\3dミニゲーム\debug\mydxlibgame3d.tlog\cl.read.1.tlog
d:\ゆいぜみ\school\2024ゆいゼミ\school\3dミニゲーム\debug\mydxlibgame3d.tlog\cl.write.1.tlog
d:\ゆいぜみ\school\2024ゆいゼミ\school\3dミニゲーム\debug\mydxlibgame3d.tlog\link.command.1.tlog
d:\ゆいぜみ\school\2024ゆいゼミ\school\3dミニゲーム\debug\mydxlibgame3d.tlog\link.read.1.tlog
d:\ゆいぜみ\school\2024ゆいゼミ\school\3dミニゲーム\debug\mydxlibgame3d.tlog\link.secondary.1.tlog
d:\ゆいぜみ\school\2024ゆいゼミ\school\3dミニゲーム\debug\mydxlibgame3d.tlog\link.write.1.tlog
